
ROM used:   1340/32768 (4%)
            1340/32768 (4%) including unused fragments

            0.3 Average locations per line
            2.3 Average locations per statement

RAM used:   13/3648 (0%) at main() level
            37/3648 (1%) worst case

Stack used: 1 worst case (1 in main + 0 for interrupts)
Stack size: 31

Lines Stmts  %   Files
----- ----- ---  -----
   77    12   2  main.c
  907     0   0  ..\..\..\..\..\..\..\Program Files (x86)\PICC\devices\18F25K80.h
 1869   563  98  ..\..\..\..\..\..\..\Program Files (x86)\PICC\drivers\can-18F4580.c
 1022     0   0  ..\..\..\..\..\..\..\Program Files (x86)\PICC\drivers\can-18F4580.h
----- -----
 3875   575 Total

Page ROM  %  RAM    Vol Diff  Functions:
---- --- --- ---    --- ----  ----------
0     40   1    1             @delay_ms1
0    406  15    1   1827  5.4  can_init
0     50   2    0    255  2.3  can_set_baud
0     34   1    2     76  3.1  can_set_mode
0    296  11   11   1068  6.4  can_set_id
0    384  14   17   2548  9.1  can_putd
0    126   5    1    325  4.2  MAIN
 Inline         0             @cinit1

Program metrics:
    Functions               6
    Statements              575
    Comments                1736
    Volume (V)              8024
    Difficulty (D)          30.9
    Effort to implement (E) 248146
    Time to implement (T)   3 hours, 50 minutes
    Est Delivered Bugs (B)  1
    Cyclomatic Complexity   15
    Maintainability (MI)    106

 Segment     Used  Free
-----------  ----  ----
00000-00002     4  0  
00004-07FFE  1336  31428  



